-------------------------------------------------------------------------------
Test set: com.cufre.expedientes.service.ExpedienteServicePriorityTest
-------------------------------------------------------------------------------
Tests run: 1, Failures: 0, Errors: 1, Skipped: 0, Time elapsed: 0.054 s <<< FAILURE! -- in com.cufre.expedientes.service.ExpedienteServicePriorityTest
com.cufre.expedientes.service.ExpedienteServicePriorityTest.testPrioridadConCamposDeImpacto -- Time elapsed: 0.048 s <<< ERROR!
org.springframework.dao.DataIntegrityViolationException: 
StatementCallback; SQL [DELETE FROM EXPEDIENTE]; ORA-02292: restricción de integridad (C##CUFRE_USER.SYS_C008667) violada - registro secundario encontrado

	at org.springframework.jdbc.support.SQLExceptionSubclassTranslator.doTranslate(SQLExceptionSubclassTranslator.java:97)
	at org.springframework.jdbc.support.AbstractFallbackSQLExceptionTranslator.translate(AbstractFallbackSQLExceptionTranslator.java:107)
	at org.springframework.jdbc.core.JdbcTemplate.translateException(JdbcTemplate.java:1548)
	at org.springframework.jdbc.core.JdbcTemplate.execute(JdbcTemplate.java:408)
	at org.springframework.jdbc.core.JdbcTemplate.execute(JdbcTemplate.java:444)
	at com.cufre.expedientes.service.ExpedienteServicePriorityTest.limpiarTabla(ExpedienteServicePriorityTest.java:23)
	at java.base/java.lang.reflect.Method.invoke(Method.java:580)
	at java.base/java.util.ArrayList.forEach(ArrayList.java:1597)
	at java.base/java.util.ArrayList.forEach(ArrayList.java:1597)
Caused by: java.sql.SQLIntegrityConstraintViolationException: ORA-02292: restricción de integridad (C##CUFRE_USER.SYS_C008667) violada - registro secundario encontrado

	at oracle.jdbc.driver.T4CTTIoer11.processError(T4CTTIoer11.java:629)
	at oracle.jdbc.driver.T4CTTIoer11.processError(T4CTTIoer11.java:563)
	at oracle.jdbc.driver.T4C8Oall.processError(T4C8Oall.java:1150)
	at oracle.jdbc.driver.T4CTTIfun.receive(T4CTTIfun.java:770)
	at oracle.jdbc.driver.T4CTTIfun.doRPC(T4CTTIfun.java:298)
	at oracle.jdbc.driver.T4C8Oall.doOALL(T4C8Oall.java:497)
	at oracle.jdbc.driver.T4CStatement.doOall8(T4CStatement.java:111)
	at oracle.jdbc.driver.T4CStatement.executeForRows(T4CStatement.java:1010)
	at oracle.jdbc.driver.OracleStatement.executeSQLStatement(OracleStatement.java:1530)
	at oracle.jdbc.driver.OracleStatement.doExecuteWithTimeout(OracleStatement.java:1310)
	at oracle.jdbc.driver.OracleStatement.executeInternal(OracleStatement.java:2162)
	at oracle.jdbc.driver.OracleStatement.execute(OracleStatement.java:2117)
	at oracle.jdbc.driver.OracleStatementWrapper.execute(OracleStatementWrapper.java:327)
	at com.zaxxer.hikari.pool.ProxyStatement.execute(ProxyStatement.java:94)
	at com.zaxxer.hikari.pool.HikariProxyStatement.execute(HikariProxyStatement.java)
	at org.springframework.jdbc.core.JdbcTemplate$1ExecuteStatementCallback.doInStatement(JdbcTemplate.java:435)
	at org.springframework.jdbc.core.JdbcTemplate.execute(JdbcTemplate.java:393)
	... 5 more
Caused by: Error : 2292, Position : 0, Sql = DELETE FROM EXPEDIENTE, OriginalSql = DELETE FROM EXPEDIENTE, Error Msg = ORA-02292: restricción de integridad (C##CUFRE_USER.SYS_C008667) violada - registro secundario encontrado

	at oracle.jdbc.driver.T4CTTIoer11.processError(T4CTTIoer11.java:636)
	... 21 more

