-------------------------------------------------------------------------------
Test set: com.cufre.expedientes.service.ExpedienteServicePriorityTest
-------------------------------------------------------------------------------
Tests run: 1, Failures: 0, Errors: 1, Skipped: 0, Time elapsed: 0.098 s <<< FAILURE! -- in com.cufre.expedientes.service.ExpedienteServicePriorityTest
com.cufre.expedientes.service.ExpedienteServicePriorityTest.testPrioridadConCamposDeImpacto -- Time elapsed: 0.091 s <<< ERROR!
org.springframework.dao.DataIntegrityViolationException: 
could not execute statement [ORA-00001: restricción única (C##CUFRE_USER.SYS_C008633) violada
] [/* insert for com.cufre.expedientes.model.Expediente */insert into expediente (ambito_banda,antecedentes_flag,area_fronteriza,autorizacion_tareas,banda_flag,capacidad_operativa,caratula,conexiones_otras_actividades_flag,descripcion,descripcion_hecho,descripcion_procedimiento,detalle_antecedentes,disposicion_juzgado,estado_situacion,fecha_asignacion,fecha_autorizacion_tareas,fecha_detencion,fecha_hecho,fecha_ingreso,fecha_oficio,fiscalia,foto_principal_id,fuerza_asignada,fuerza_detencion,impacto_percepcion,impacto_social,institucion_sensible_cercana,jurisdiccion,juzgado,lugar_detencion,lugar_hecho,mediatico_flag,motivo_captura,nivel_incidencia_zona,nivel_organizacion,nombre_banda,numero,numero_causa,numero_complices,pais,patrones_repetitivos,peligrosidad_flag,planificacion_flag,prioridad,profugo_antecedentes_penales,profugo_cabello,profugo_contextura_fisica,profugo_detalle_antecedentes,profugo_estaba_detenido,profugo_estatura,profugo_grupo_sanguineo,profugo_marcas_visibles,profugo_nivel_estudios,profugo_numero_detenciones_previas,profugo_numero_prontuario,profugo_ojos,profugo_peso,profugo_profesion_ocupacion,profugo_situacion_procesal,profugo_telefono,profugo_tez,profugo_ultima_vez_visto,provincia,recompensa,recursos_limitados,reincidente_flag,reiterante_flag,secretaria,terrorismo_flag,tipo_captura,tipo_dano,tipo_victima,uso_armas_blancas_flag,uso_armas_fuego_flag,id) values (?,?,?,?,?,?,?,?,?,?,?,?,?,?,?,?,?,?,?,?,?,?,?,?,?,?,?,?,?,?,?,?,?,?,?,?,?,?,?,?,?,?,?,?,?,?,?,?,?,?,?,?,?,?,?,?,?,?,?,?,?,?,?,?,?,?,?,?,?,?,?,?,?,?,default)]; SQL [/* insert for com.cufre.expedientes.model.Expediente */insert into expediente (ambito_banda,antecedentes_flag,area_fronteriza,autorizacion_tareas,banda_flag,capacidad_operativa,caratula,conexiones_otras_actividades_flag,descripcion,descripcion_hecho,descripcion_procedimiento,detalle_antecedentes,disposicion_juzgado,estado_situacion,fecha_asignacion,fecha_autorizacion_tareas,fecha_detencion,fecha_hecho,fecha_ingreso,fecha_oficio,fiscalia,foto_principal_id,fuerza_asignada,fuerza_detencion,impacto_percepcion,impacto_social,institucion_sensible_cercana,jurisdiccion,juzgado,lugar_detencion,lugar_hecho,mediatico_flag,motivo_captura,nivel_incidencia_zona,nivel_organizacion,nombre_banda,numero,numero_causa,numero_complices,pais,patrones_repetitivos,peligrosidad_flag,planificacion_flag,prioridad,profugo_antecedentes_penales,profugo_cabello,profugo_contextura_fisica,profugo_detalle_antecedentes,profugo_estaba_detenido,profugo_estatura,profugo_grupo_sanguineo,profugo_marcas_visibles,profugo_nivel_estudios,profugo_numero_detenciones_previas,profugo_numero_prontuario,profugo_ojos,profugo_peso,profugo_profesion_ocupacion,profugo_situacion_procesal,profugo_telefono,profugo_tez,profugo_ultima_vez_visto,provincia,recompensa,recursos_limitados,reincidente_flag,reiterante_flag,secretaria,terrorismo_flag,tipo_captura,tipo_dano,tipo_victima,uso_armas_blancas_flag,uso_armas_fuego_flag,id) values (?,?,?,?,?,?,?,?,?,?,?,?,?,?,?,?,?,?,?,?,?,?,?,?,?,?,?,?,?,?,?,?,?,?,?,?,?,?,?,?,?,?,?,?,?,?,?,?,?,?,?,?,?,?,?,?,?,?,?,?,?,?,?,?,?,?,?,?,?,?,?,?,?,?,default)]; constraint [C##CUFRE_USER.SYS_C008633]
	at org.springframework.orm.jpa.vendor.HibernateJpaDialect.convertHibernateAccessException(HibernateJpaDialect.java:290)
	at org.springframework.orm.jpa.vendor.HibernateJpaDialect.translateExceptionIfPossible(HibernateJpaDialect.java:241)
	at org.springframework.orm.jpa.AbstractEntityManagerFactoryBean.translateExceptionIfPossible(AbstractEntityManagerFactoryBean.java:550)
	at org.springframework.dao.support.ChainedPersistenceExceptionTranslator.translateExceptionIfPossible(ChainedPersistenceExceptionTranslator.java:61)
	at org.springframework.dao.support.DataAccessUtils.translateIfNecessary(DataAccessUtils.java:335)
	at org.springframework.dao.support.PersistenceExceptionTranslationInterceptor.invoke(PersistenceExceptionTranslationInterceptor.java:152)
	at org.springframework.aop.framework.ReflectiveMethodInvocation.proceed(ReflectiveMethodInvocation.java:184)
	at org.springframework.data.jpa.repository.support.CrudMethodMetadataPostProcessor$CrudMethodMetadataPopulatingMethodInterceptor.invoke(CrudMethodMetadataPostProcessor.java:164)
	at org.springframework.aop.framework.ReflectiveMethodInvocation.proceed(ReflectiveMethodInvocation.java:184)
	at org.springframework.aop.interceptor.ExposeInvocationInterceptor.invoke(ExposeInvocationInterceptor.java:97)
	at org.springframework.aop.framework.ReflectiveMethodInvocation.proceed(ReflectiveMethodInvocation.java:184)
	at org.springframework.aop.framework.JdkDynamicAopProxy.invoke(JdkDynamicAopProxy.java:220)
	at jdk.proxy2/jdk.proxy2.$Proxy168.save(Unknown Source)
	at com.cufre.expedientes.service.ExpedienteService.create(ExpedienteService.java:166)
	at java.base/jdk.internal.reflect.DirectMethodHandleAccessor.invoke(DirectMethodHandleAccessor.java:103)
	at java.base/java.lang.reflect.Method.invoke(Method.java:580)
	at org.springframework.aop.support.AopUtils.invokeJoinpointUsingReflection(AopUtils.java:351)
	at org.springframework.aop.framework.ReflectiveMethodInvocation.invokeJoinpoint(ReflectiveMethodInvocation.java:196)
	at org.springframework.aop.framework.ReflectiveMethodInvocation.proceed(ReflectiveMethodInvocation.java:163)
	at org.springframework.aop.framework.CglibAopProxy$CglibMethodInvocation.proceed(CglibAopProxy.java:765)
	at org.springframework.transaction.interceptor.TransactionInterceptor$1.proceedWithInvocation(TransactionInterceptor.java:123)
	at org.springframework.transaction.interceptor.TransactionAspectSupport.invokeWithinTransaction(TransactionAspectSupport.java:385)
	at org.springframework.transaction.interceptor.TransactionInterceptor.invoke(TransactionInterceptor.java:119)
	at org.springframework.aop.framework.ReflectiveMethodInvocation.proceed(ReflectiveMethodInvocation.java:184)
	at org.springframework.aop.framework.CglibAopProxy$CglibMethodInvocation.proceed(CglibAopProxy.java:765)
	at org.springframework.aop.framework.CglibAopProxy$DynamicAdvisedInterceptor.intercept(CglibAopProxy.java:717)
	at com.cufre.expedientes.service.ExpedienteService$$SpringCGLIB$$0.create(<generated>)
	at com.cufre.expedientes.service.ExpedienteServicePriorityTest.testPrioridadConCamposDeImpacto(ExpedienteServicePriorityTest.java:49)
	at java.base/java.lang.reflect.Method.invoke(Method.java:580)
	at java.base/java.util.ArrayList.forEach(ArrayList.java:1597)
	at java.base/java.util.ArrayList.forEach(ArrayList.java:1597)
Caused by: org.hibernate.exception.ConstraintViolationException: could not execute statement [ORA-00001: restricción única (C##CUFRE_USER.SYS_C008633) violada
] [/* insert for com.cufre.expedientes.model.Expediente */insert into expediente (ambito_banda,antecedentes_flag,area_fronteriza,autorizacion_tareas,banda_flag,capacidad_operativa,caratula,conexiones_otras_actividades_flag,descripcion,descripcion_hecho,descripcion_procedimiento,detalle_antecedentes,disposicion_juzgado,estado_situacion,fecha_asignacion,fecha_autorizacion_tareas,fecha_detencion,fecha_hecho,fecha_ingreso,fecha_oficio,fiscalia,foto_principal_id,fuerza_asignada,fuerza_detencion,impacto_percepcion,impacto_social,institucion_sensible_cercana,jurisdiccion,juzgado,lugar_detencion,lugar_hecho,mediatico_flag,motivo_captura,nivel_incidencia_zona,nivel_organizacion,nombre_banda,numero,numero_causa,numero_complices,pais,patrones_repetitivos,peligrosidad_flag,planificacion_flag,prioridad,profugo_antecedentes_penales,profugo_cabello,profugo_contextura_fisica,profugo_detalle_antecedentes,profugo_estaba_detenido,profugo_estatura,profugo_grupo_sanguineo,profugo_marcas_visibles,profugo_nivel_estudios,profugo_numero_detenciones_previas,profugo_numero_prontuario,profugo_ojos,profugo_peso,profugo_profesion_ocupacion,profugo_situacion_procesal,profugo_telefono,profugo_tez,profugo_ultima_vez_visto,provincia,recompensa,recursos_limitados,reincidente_flag,reiterante_flag,secretaria,terrorismo_flag,tipo_captura,tipo_dano,tipo_victima,uso_armas_blancas_flag,uso_armas_fuego_flag,id) values (?,?,?,?,?,?,?,?,?,?,?,?,?,?,?,?,?,?,?,?,?,?,?,?,?,?,?,?,?,?,?,?,?,?,?,?,?,?,?,?,?,?,?,?,?,?,?,?,?,?,?,?,?,?,?,?,?,?,?,?,?,?,?,?,?,?,?,?,?,?,?,?,?,?,default)]
	at org.hibernate.exception.internal.SQLExceptionTypeDelegate.convert(SQLExceptionTypeDelegate.java:62)
	at org.hibernate.exception.internal.StandardSQLExceptionConverter.convert(StandardSQLExceptionConverter.java:58)
	at org.hibernate.engine.jdbc.spi.SqlExceptionHelper.convert(SqlExceptionHelper.java:108)
	at org.hibernate.engine.jdbc.internal.ResultSetReturnImpl.executeUpdate(ResultSetReturnImpl.java:197)
	at org.hibernate.id.insert.GetGeneratedKeysDelegate.performInsert(GetGeneratedKeysDelegate.java:107)
	at org.hibernate.engine.jdbc.mutation.internal.MutationExecutorPostInsertSingleTable.execute(MutationExecutorPostInsertSingleTable.java:100)
	at org.hibernate.persister.entity.mutation.InsertCoordinator.doStaticInserts(InsertCoordinator.java:175)
	at org.hibernate.persister.entity.mutation.InsertCoordinator.coordinateInsert(InsertCoordinator.java:113)
	at org.hibernate.persister.entity.AbstractEntityPersister.insert(AbstractEntityPersister.java:2868)
	at org.hibernate.action.internal.EntityIdentityInsertAction.execute(EntityIdentityInsertAction.java:81)
	at org.hibernate.engine.spi.ActionQueue.execute(ActionQueue.java:670)
	at org.hibernate.engine.spi.ActionQueue.addResolvedEntityInsertAction(ActionQueue.java:291)
	at org.hibernate.engine.spi.ActionQueue.addInsertAction(ActionQueue.java:272)
	at org.hibernate.engine.spi.ActionQueue.addAction(ActionQueue.java:322)
	at org.hibernate.event.internal.AbstractSaveEventListener.addInsertAction(AbstractSaveEventListener.java:386)
	at org.hibernate.event.internal.AbstractSaveEventListener.performSaveOrReplicate(AbstractSaveEventListener.java:300)
	at org.hibernate.event.internal.AbstractSaveEventListener.performSave(AbstractSaveEventListener.java:219)
	at org.hibernate.event.internal.AbstractSaveEventListener.saveWithGeneratedId(AbstractSaveEventListener.java:134)
	at org.hibernate.event.internal.DefaultPersistEventListener.entityIsTransient(DefaultPersistEventListener.java:175)
	at org.hibernate.event.internal.DefaultPersistEventListener.persist(DefaultPersistEventListener.java:93)
	at org.hibernate.event.internal.DefaultPersistEventListener.onPersist(DefaultPersistEventListener.java:77)
	at org.hibernate.event.internal.DefaultPersistEventListener.onPersist(DefaultPersistEventListener.java:54)
	at org.hibernate.event.service.internal.EventListenerGroupImpl.fireEventOnEachListener(EventListenerGroupImpl.java:127)
	at org.hibernate.internal.SessionImpl.firePersist(SessionImpl.java:774)
	at org.hibernate.internal.SessionImpl.persist(SessionImpl.java:758)
	at java.base/jdk.internal.reflect.DirectMethodHandleAccessor.invoke(DirectMethodHandleAccessor.java:103)
	at java.base/java.lang.reflect.Method.invoke(Method.java:580)
	at org.springframework.orm.jpa.SharedEntityManagerCreator$SharedEntityManagerInvocationHandler.invoke(SharedEntityManagerCreator.java:319)
	at jdk.proxy2/jdk.proxy2.$Proxy160.persist(Unknown Source)
	at org.springframework.data.jpa.repository.support.SimpleJpaRepository.save(SimpleJpaRepository.java:618)
	at java.base/jdk.internal.reflect.DirectMethodHandleAccessor.invoke(DirectMethodHandleAccessor.java:103)
	at java.base/java.lang.reflect.Method.invoke(Method.java:580)
	at org.springframework.aop.support.AopUtils.invokeJoinpointUsingReflection(AopUtils.java:351)
	at org.springframework.data.repository.core.support.RepositoryMethodInvoker$RepositoryFragmentMethodInvoker.lambda$new$0(RepositoryMethodInvoker.java:277)
	at org.springframework.data.repository.core.support.RepositoryMethodInvoker.doInvoke(RepositoryMethodInvoker.java:170)
	at org.springframework.data.repository.core.support.RepositoryMethodInvoker.invoke(RepositoryMethodInvoker.java:158)
	at org.springframework.data.repository.core.support.RepositoryComposition$RepositoryFragments.invoke(RepositoryComposition.java:516)
	at org.springframework.data.repository.core.support.RepositoryComposition.invoke(RepositoryComposition.java:285)
	at org.springframework.data.repository.core.support.RepositoryFactorySupport$ImplementationMethodExecutionInterceptor.invoke(RepositoryFactorySupport.java:628)
	at org.springframework.aop.framework.ReflectiveMethodInvocation.proceed(ReflectiveMethodInvocation.java:184)
	at org.springframework.data.repository.core.support.QueryExecutorMethodInterceptor.doInvoke(QueryExecutorMethodInterceptor.java:168)
	at org.springframework.data.repository.core.support.QueryExecutorMethodInterceptor.invoke(QueryExecutorMethodInterceptor.java:143)
	at org.springframework.aop.framework.ReflectiveMethodInvocation.proceed(ReflectiveMethodInvocation.java:184)
	at org.springframework.data.projection.DefaultMethodInvokingMethodInterceptor.invoke(DefaultMethodInvokingMethodInterceptor.java:70)
	at org.springframework.aop.framework.ReflectiveMethodInvocation.proceed(ReflectiveMethodInvocation.java:184)
	at org.springframework.transaction.interceptor.TransactionInterceptor$1.proceedWithInvocation(TransactionInterceptor.java:123)
	at org.springframework.transaction.interceptor.TransactionAspectSupport.invokeWithinTransaction(TransactionAspectSupport.java:385)
	at org.springframework.transaction.interceptor.TransactionInterceptor.invoke(TransactionInterceptor.java:119)
	at org.springframework.aop.framework.ReflectiveMethodInvocation.proceed(ReflectiveMethodInvocation.java:184)
	at org.springframework.dao.support.PersistenceExceptionTranslationInterceptor.invoke(PersistenceExceptionTranslationInterceptor.java:137)
	... 25 more
Caused by: java.sql.SQLIntegrityConstraintViolationException: ORA-00001: restricción única (C##CUFRE_USER.SYS_C008633) violada

	at oracle.jdbc.driver.T4CTTIoer11.processError(T4CTTIoer11.java:629)
	at oracle.jdbc.driver.T4CTTIoer11.processError(T4CTTIoer11.java:563)
	at oracle.jdbc.driver.T4C8Oall.processError(T4C8Oall.java:1150)
	at oracle.jdbc.driver.T4CTTIfun.receive(T4CTTIfun.java:770)
	at oracle.jdbc.driver.T4CTTIfun.doRPC(T4CTTIfun.java:298)
	at oracle.jdbc.driver.T4C8Oall.doOALL(T4C8Oall.java:497)
	at oracle.jdbc.driver.T4CPreparedStatement.doOall8(T4CPreparedStatement.java:151)
	at oracle.jdbc.driver.T4CPreparedStatement.executeForRows(T4CPreparedStatement.java:1051)
	at oracle.jdbc.driver.OracleStatement.executeSQLStatement(OracleStatement.java:1530)
	at oracle.jdbc.driver.OracleStatement.doExecuteWithTimeout(OracleStatement.java:1310)
	at oracle.jdbc.driver.OraclePreparedStatement.executeInternal(OraclePreparedStatement.java:3745)
	at oracle.jdbc.driver.OraclePreparedStatement.executeLargeUpdate(OraclePreparedStatement.java:3917)
	at oracle.jdbc.driver.OraclePreparedStatement.executeUpdate(OraclePreparedStatement.java:3896)
	at oracle.jdbc.driver.OraclePreparedStatementWrapper.executeUpdate(OraclePreparedStatementWrapper.java:991)
	at com.zaxxer.hikari.pool.ProxyPreparedStatement.executeUpdate(ProxyPreparedStatement.java:61)
	at com.zaxxer.hikari.pool.HikariProxyPreparedStatement.executeUpdate(HikariProxyPreparedStatement.java)
	at org.hibernate.engine.jdbc.internal.ResultSetReturnImpl.executeUpdate(ResultSetReturnImpl.java:194)
	... 71 more
Caused by: [SQL INCLUDES EXPRESSIONS ADDED BY THE ORACLE JDBC DRIVER],Error : 1, Position : 0, Sql = /* insert for com.cufre.expedientes.model.Expediente */insert into expediente (ambito_banda,antecedentes_flag,area_fronteriza,autorizacion_tareas,banda_flag,capacidad_operativa,caratula,conexiones_otras_actividades_flag,descripcion,descripcion_hecho,descripcion_procedimiento,detalle_antecedentes,disposicion_juzgado,estado_situacion,fecha_asignacion,fecha_autorizacion_tareas,fecha_detencion,fecha_hecho,fecha_ingreso,fecha_oficio,fiscalia,foto_principal_id,fuerza_asignada,fuerza_detencion,impacto_percepcion,impacto_social,institucion_sensible_cercana,jurisdiccion,juzgado,lugar_detencion,lugar_hecho,mediatico_flag,motivo_captura,nivel_incidencia_zona,nivel_organizacion,nombre_banda,numero,numero_causa,numero_complices,pais,patrones_repetitivos,peligrosidad_flag,planificacion_flag,prioridad,profugo_antecedentes_penales,profugo_cabello,profugo_contextura_fisica,profugo_detalle_antecedentes,profugo_estaba_detenido,profugo_estatura,profugo_grupo_sanguineo,profugo_marcas_visibles,profugo_nivel_estudios,profugo_numero_detenciones_previas,profugo_numero_prontuario,profugo_ojos,profugo_peso,profugo_profesion_ocupacion,profugo_situacion_procesal,profugo_telefono,profugo_tez,profugo_ultima_vez_visto,provincia,recompensa,recursos_limitados,reincidente_flag,reiterante_flag,secretaria,terrorismo_flag,tipo_captura,tipo_dano,tipo_victima,uso_armas_blancas_flag,uso_armas_fuego_flag,id) values (:1 ,:2 ,:3 ,:4 ,:5 ,:6 ,:7 ,:8 ,:9 ,:10 ,:11 ,:12 ,:13 ,:14 ,:15 ,:16 ,:17 ,:18 ,:19 ,:20 ,:21 ,:22 ,:23 ,:24 ,:25 ,:26 ,:27 ,:28 ,:29 ,:30 ,:31 ,:32 ,:33 ,:34 ,:35 ,:36 ,:37 ,:38 ,:39 ,:40 ,:41 ,:42 ,:43 ,:44 ,:45 ,:46 ,:47 ,:48 ,:49 ,:50 ,:51 ,:52 ,:53 ,:54 ,:55 ,:56 ,:57 ,:58 ,:59 ,:60 ,:61 ,:62 ,:63 ,:64 ,:65 ,:66 ,:67 ,:68 ,:69 ,:70 ,:71 ,:72 ,:73 ,:74 ,default) RETURNING id INTO :75 , OriginalSql = /* insert for com.cufre.expedientes.model.Expediente */insert into expediente (ambito_banda,antecedentes_flag,area_fronteriza,autorizacion_tareas,banda_flag,capacidad_operativa,caratula,conexiones_otras_actividades_flag,descripcion,descripcion_hecho,descripcion_procedimiento,detalle_antecedentes,disposicion_juzgado,estado_situacion,fecha_asignacion,fecha_autorizacion_tareas,fecha_detencion,fecha_hecho,fecha_ingreso,fecha_oficio,fiscalia,foto_principal_id,fuerza_asignada,fuerza_detencion,impacto_percepcion,impacto_social,institucion_sensible_cercana,jurisdiccion,juzgado,lugar_detencion,lugar_hecho,mediatico_flag,motivo_captura,nivel_incidencia_zona,nivel_organizacion,nombre_banda,numero,numero_causa,numero_complices,pais,patrones_repetitivos,peligrosidad_flag,planificacion_flag,prioridad,profugo_antecedentes_penales,profugo_cabello,profugo_contextura_fisica,profugo_detalle_antecedentes,profugo_estaba_detenido,profugo_estatura,profugo_grupo_sanguineo,profugo_marcas_visibles,profugo_nivel_estudios,profugo_numero_detenciones_previas,profugo_numero_prontuario,profugo_ojos,profugo_peso,profugo_profesion_ocupacion,profugo_situacion_procesal,profugo_telefono,profugo_tez,profugo_ultima_vez_visto,provincia,recompensa,recursos_limitados,reincidente_flag,reiterante_flag,secretaria,terrorismo_flag,tipo_captura,tipo_dano,tipo_victima,uso_armas_blancas_flag,uso_armas_fuego_flag,id) values (?,?,?,?,?,?,?,?,?,?,?,?,?,?,?,?,?,?,?,?,?,?,?,?,?,?,?,?,?,?,?,?,?,?,?,?,?,?,?,?,?,?,?,?,?,?,?,?,?,?,?,?,?,?,?,?,?,?,?,?,?,?,?,?,?,?,?,?,?,?,?,?,?,?,default) RETURNING id INTO ?, Error Msg = ORA-00001: restricción única (C##CUFRE_USER.SYS_C008633) violada

	at oracle.jdbc.driver.T4CTTIoer11.processError(T4CTTIoer11.java:636)
	... 87 more

