<?xml version="1.0" encoding="UTF-8"?>
<testsuite xmlns:xsi="http://www.w3.org/2001/XMLSchema-instance" xsi:noNamespaceSchemaLocation="https://maven.apache.org/surefire/maven-surefire-plugin/xsd/surefire-test-report-3.0.xsd" version="3.0" name="com.cufre.expedientes.service.ExpedienteServicePriorityTest" time="0.054" tests="1" errors="1" skipped="0" failures="0">
  <properties>
[...]
</properties>
  <testcase name="testPrioridadConCamposDeImpacto" classname="com.cufre.expedientes.service.ExpedienteServicePriorityTest" time="0.048">
    <error message="StatementCallback; SQL [DELETE FROM EXPEDIENTE]; ORA-02292: restricción de integridad (C##CUFRE_USER.SYS_C008667) violada - registro secundario encontrado&#10;" type="org.springframework.dao.DataIntegrityViolationException"><![CDATA[org.springframework.dao.DataIntegrityViolationException: 
StatementCallback; SQL [DELETE FROM EXPEDIENTE]; ORA-02292: restricción de integridad (C##CUFRE_USER.SYS_C008667) violada - registro secundario encontrado

	at org.springframework.jdbc.support.SQLExceptionSubclassTranslator.doTranslate(SQLExceptionSubclassTranslator.java:97)
	at org.springframework.jdbc.support.AbstractFallbackSQLExceptionTranslator.translate(AbstractFallbackSQLExceptionTranslator.java:107)
	at org.springframework.jdbc.core.JdbcTemplate.translateException(JdbcTemplate.java:1548)
	at org.springframework.jdbc.core.JdbcTemplate.execute(JdbcTemplate.java:408)
	at org.springframework.jdbc.core.JdbcTemplate.execute(JdbcTemplate.java:444)
	at com.cufre.expedientes.service.ExpedienteServicePriorityTest.limpiarTabla(ExpedienteServicePriorityTest.java:23)
	at java.base/java.lang.reflect.Method.invoke(Method.java:580)
	at java.base/java.util.ArrayList.forEach(ArrayList.java:1597)
	at java.base/java.util.ArrayList.forEach(ArrayList.java:1597)
Caused by: java.sql.SQLIntegrityConstraintViolationException: ORA-02292: restricción de integridad (C##CUFRE_USER.SYS_C008667) violada - registro secundario encontrado

	at oracle.jdbc.driver.T4CTTIoer11.processError(T4CTTIoer11.java:629)
	at oracle.jdbc.driver.T4CTTIoer11.processError(T4CTTIoer11.java:563)
	at oracle.jdbc.driver.T4C8Oall.processError(T4C8Oall.java:1150)
	at oracle.jdbc.driver.T4CTTIfun.receive(T4CTTIfun.java:770)
	at oracle.jdbc.driver.T4CTTIfun.doRPC(T4CTTIfun.java:298)
	at oracle.jdbc.driver.T4C8Oall.doOALL(T4C8Oall.java:497)
	at oracle.jdbc.driver.T4CStatement.doOall8(T4CStatement.java:111)
	at oracle.jdbc.driver.T4CStatement.executeForRows(T4CStatement.java:1010)
	at oracle.jdbc.driver.OracleStatement.executeSQLStatement(OracleStatement.java:1530)
	at oracle.jdbc.driver.OracleStatement.doExecuteWithTimeout(OracleStatement.java:1310)
	at oracle.jdbc.driver.OracleStatement.executeInternal(OracleStatement.java:2162)
	at oracle.jdbc.driver.OracleStatement.execute(OracleStatement.java:2117)
	at oracle.jdbc.driver.OracleStatementWrapper.execute(OracleStatementWrapper.java:327)
	at com.zaxxer.hikari.pool.ProxyStatement.execute(ProxyStatement.java:94)
	at com.zaxxer.hikari.pool.HikariProxyStatement.execute(HikariProxyStatement.java)
	at org.springframework.jdbc.core.JdbcTemplate$1ExecuteStatementCallback.doInStatement(JdbcTemplate.java:435)
	at org.springframework.jdbc.core.JdbcTemplate.execute(JdbcTemplate.java:393)
	... 5 more
Caused by: Error : 2292, Position : 0, Sql = DELETE FROM EXPEDIENTE, OriginalSql = DELETE FROM EXPEDIENTE, Error Msg = ORA-02292: restricción de integridad (C##CUFRE_USER.SYS_C008667) violada - registro secundario encontrado

	at oracle.jdbc.driver.T4CTTIoer11.processError(T4CTTIoer11.java:636)
	... 21 more
]]></error>
    <system-out><![CDATA[&amp#27;[2m2025-05-11T11:07:57.093-03:00&amp#27;[0;39m &amp#27;[32m INFO&amp#27;[0;39m &amp#27;[35m14842&amp#27;[0;39m &amp#27;[2m---&amp#27;[0;39m &amp#27;[2m[           main]&amp#27;[0;39m &amp#27;[2m&amp#27;[0;39m&amp#27;[36mt.c.s.AnnotationConfigContextLoaderUtils&amp#27;[0;39m &amp#27;[2m:&amp#27;[0;39m Could not detect default configuration classes for test class [com.cufre.expedientes.service.ExpedienteServicePriorityTest]: ExpedienteServicePriorityTest does not declare any static, non-private, non-final, nested classes annotated with @Configuration.
&amp#27;[2m2025-05-11T11:07:57.096-03:00&amp#27;[0;39m &amp#27;[32m INFO&amp#27;[0;39m &amp#27;[35m14842&amp#27;[0;39m &amp#27;[2m---&amp#27;[0;39m &amp#27;[2m[           main]&amp#27;[0;39m &amp#27;[2m&amp#27;[0;39m&amp#27;[36m.b.t.c.SpringBootTestContextBootstrapper&amp#27;[0;39m &amp#27;[2m:&amp#27;[0;39m Found @SpringBootConfiguration com.cufre.expedientes.ExpedientesApplication for test class com.cufre.expedientes.service.ExpedienteServicePriorityTest
]]></system-out>
  </testcase>
</testsuite>